<?xml version="1.0" encoding="UTF-8"?>
<!-- Generated by org.testng.reporters.JUnitXMLReporter -->
<testsuite ignored="0" hostname="DESKTOP-TOQV3ER" failures="0" tests="3" name="Default test" time="95.802" errors="0" timestamp="2021-03-08T20:19:35 IST">
  <testcase classname="com.datadriven.framework.test.LoginTest.loginTest" name="testOne" time="61.398"/>
  <testcase classname="com.datadriven.framework.test.LoginTest.loginTest" name="testThree" time="22.389"/>
  <testcase classname="com.datadriven.framework.test.LoginTest.loginTest" name="testTwo" time="10.95"/>
</testsuite> <!-- Default test -->
