<?xml version="1.0" encoding="UTF-8"?>
<testng-results ignored="0" total="1" passed="1" failed="0" skipped="0">
  <reporter-output>
  </reporter-output>
  <suite started-at="2021-03-24T16:55:21 IST" name="Default suite" finished-at="2021-03-24T16:55:40 IST" duration-ms="19137">
    <groups>
    </groups>
    <test started-at="2021-03-24T16:55:21 IST" name="Default test" finished-at="2021-03-24T16:55:40 IST" duration-ms="19137">
      <class name="com.hackathon.insurance.tests.TestClass">
        <test-method signature="TC001()[pri:0, instance:com.hackathon.insurance.tests.TestClass@2898ac89]" started-at="2021-03-24T16:55:21 IST" name="TC001" finished-at="2021-03-24T16:55:38 IST" duration-ms="16913" status="PASS">
          <reporter-output>
          </reporter-output>
        </test-method> <!-- TC001 -->
        <test-method is-config="true" signature="flushReports()[pri:0, instance:com.hackathon.insurance.tests.TestClass@2898ac89]" started-at="2021-03-24T16:55:38 IST" name="flushReports" finished-at="2021-03-24T16:55:40 IST" duration-ms="2149" status="PASS">
          <reporter-output>
          </reporter-output>
        </test-method> <!-- flushReports -->
      </class> <!-- com.hackathon.insurance.tests.TestClass -->
    </test> <!-- Default test -->
  </suite> <!-- Default suite -->
</testng-results>
