<?xml version="1.0" encoding="UTF-8"?>
<testng-results ignored="0" total="3" passed="3" failed="0" skipped="0">
  <reporter-output>
  </reporter-output>
  <suite started-at="2021-03-08T20:17:58 IST" name="Default suite" finished-at="2021-03-08T20:19:34 IST" duration-ms="95802">
    <groups>
    </groups>
    <test started-at="2021-03-08T20:17:58 IST" name="Default test" finished-at="2021-03-08T20:19:34 IST" duration-ms="95802">
      <class name="com.datadriven.framework.test.LoginTest.loginTest">
        <test-method signature="testOne()[pri:0, instance:com.datadriven.framework.test.LoginTest.loginTest@76ed1b7c]" started-at="2021-03-08T20:17:59 IST" name="testOne" finished-at="2021-03-08T20:19:00 IST" duration-ms="61398" status="PASS">
          <reporter-output>
          </reporter-output>
        </test-method> <!-- testOne -->
        <test-method is-config="true" signature="afterTest()[pri:0, instance:com.datadriven.framework.test.LoginTest.loginTest@76ed1b7c]" started-at="2021-03-08T20:19:00 IST" name="afterTest" finished-at="2021-03-08T20:19:00 IST" duration-ms="1" status="PASS">
          <reporter-output>
          </reporter-output>
        </test-method> <!-- afterTest -->
        <test-method signature="testThree()[pri:0, instance:com.datadriven.framework.test.LoginTest.loginTest@76ed1b7c]" started-at="2021-03-08T20:19:00 IST" name="testThree" finished-at="2021-03-08T20:19:22 IST" duration-ms="22389" status="PASS">
          <reporter-output>
          </reporter-output>
        </test-method> <!-- testThree -->
        <test-method is-config="true" signature="afterTest()[pri:0, instance:com.datadriven.framework.test.LoginTest.loginTest@76ed1b7c]" started-at="2021-03-08T20:19:22 IST" name="afterTest" finished-at="2021-03-08T20:19:22 IST" duration-ms="1" status="PASS">
          <reporter-output>
          </reporter-output>
        </test-method> <!-- afterTest -->
        <test-method signature="testTwo()[pri:0, instance:com.datadriven.framework.test.LoginTest.loginTest@76ed1b7c]" started-at="2021-03-08T20:19:22 IST" name="testTwo" finished-at="2021-03-08T20:19:33 IST" duration-ms="10950" status="PASS">
          <reporter-output>
          </reporter-output>
        </test-method> <!-- testTwo -->
        <test-method is-config="true" signature="afterTest()[pri:0, instance:com.datadriven.framework.test.LoginTest.loginTest@76ed1b7c]" started-at="2021-03-08T20:19:33 IST" name="afterTest" finished-at="2021-03-08T20:19:33 IST" duration-ms="0" status="PASS">
          <reporter-output>
          </reporter-output>
        </test-method> <!-- afterTest -->
        <test-method is-config="true" signature="endReport()[pri:0, instance:com.datadriven.framework.test.LoginTest.loginTest@76ed1b7c]" started-at="2021-03-08T20:19:33 IST" name="endReport" finished-at="2021-03-08T20:19:34 IST" duration-ms="942" status="PASS">
          <reporter-output>
          </reporter-output>
        </test-method> <!-- endReport -->
      </class> <!-- com.datadriven.framework.test.LoginTest.loginTest -->
    </test> <!-- Default test -->
  </suite> <!-- Default suite -->
</testng-results>
